<?xml version="1.0" encoding="UTF-8"?>
<testsuites name="jest tests" tests="4" failures="0" time="0.095">
  <testsuite name="Obiekt car" errors="0" failures="0" skipped="0" timestamp="2021-04-10T03:59:59" time="0.074" tests="4">
    <testcase classname="Obiekt car powinien posiadać pole &quot;name&quot; o wartości &quot;Toyota Yaris&quot;" name="Obiekt car powinien posiadać pole &quot;name&quot; o wartości &quot;Toyota Yaris&quot;" time="0.001">
    </testcase>
    <testcase classname="Obiekt car powinien posiadać pole &quot;price&quot; o wartości 50000" name="Obiekt car powinien posiadać pole &quot;price&quot; o wartości 50000" time="0">
    </testcase>
    <testcase classname="Obiekt car powinien posiadać pole &quot;color&quot; o wartości &quot;blue&quot;" name="Obiekt car powinien posiadać pole &quot;color&quot; o wartości &quot;blue&quot;" time="0">
    </testcase>
    <testcase classname="Obiekt car powinien posiadać pole &quot;led&quot; będące prawdą logiczną" name="Obiekt car powinien posiadać pole &quot;led&quot; będące prawdą logiczną" time="0.001">
    </testcase>
  </testsuite>
</testsuites>